<?xml version="1.0" encoding="UTF-8"?>
<!-- Generated by org.testng.reporters.JUnitReportReporter -->
<testsuite hostname="DESKTOP-F271CLB" failures="0" tests="1" name="testCases.LoginNaukri" time="11.591" errors="0" timestamp="2023-08-08T15:33:19 IST" skipped="0">
  <testcase classname="testCases.LoginNaukri" name="login" time="11.591"/>
</testsuite> <!-- testCases.LoginNaukri -->
