<?xml version="1.0" encoding="UTF-8"?>
<!-- Generated by org.testng.reporters.JUnitReportReporter -->
<testsuite hostname="DESKTOP-F271CLB" failures="0" tests="1" name="testCases.AccountRegistration" time="5.964" errors="0" timestamp="2023-08-08T11:47:53 IST" skipped="0">
  <testcase classname="testCases.AccountRegistration" name="Account_registration" time="5.964"/>
</testsuite> <!-- testCases.AccountRegistration -->
